
partitionOddAndEven(1)
= 1

partitionOddAndEven(2)
= 2

partitionOddAndEven(3)
= 1 + 2
= 2 + 1
= 3

partitionOddAndEven(4)
= 1 + 2 + 1
= 4

partitionOddAndEven(5)
= 1 + 4
= 2 + 1 + 2
= 2 + 3
= 3 + 2
= 4 + 1
= 5

partitionOddAndEven(6)
= 1 + 2 + 1 + 2
= 1 + 2 + 3
= 1 + 4 + 1
= 2 + 1 + 2 + 1
= 3 + 2 + 1
= 6

partitionOddAndEven(7)
= 1 + 2 + 1 + 2 + 1
= 1 + 6
= 2 + 1 + 4
= 2 + 3 + 2
= 2 + 5
= 3 + 4
= 4 + 1 + 2
= 4 + 3
= 5 + 2
= 6 + 1
= 7

partitionOddAndEven(8)
= 1 + 2 + 1 + 4
= 1 + 2 + 3 + 2
= 1 + 2 + 5
= 1 + 4 + 1 + 2
= 1 + 4 + 3
= 1 + 6 + 1
= 2 + 1 + 2 + 1 + 2
= 2 + 1 + 2 + 3
= 2 + 1 + 4 + 1
= 2 + 3 + 2 + 1
= 3 + 2 + 1 + 2
= 3 + 2 + 3
= 3 + 4 + 1
= 4 + 1 + 2 + 1
= 5 + 2 + 1
= 8
