
partitionOdd(1)
= 1

partitionOdd(2)
= 1 + 1

partitionOdd(3)
= 1 + 1 + 1
= 3

partitionOdd(4)
= 1 + 1 + 1 + 1
= 1 + 3
= 3 + 1

partitionOdd(5)
= 1 + 1 + 1 + 1 + 1
= 1 + 1 + 3
= 1 + 3 + 1
= 3 + 1 + 1
= 5

partitionOdd(6)
= 1 + 1 + 1 + 1 + 1 + 1
= 1 + 1 + 1 + 3
= 1 + 1 + 3 + 1
= 1 + 3 + 1 + 1
= 1 + 5
= 3 + 1 + 1 + 1
= 3 + 3
= 5 + 1

partitionOdd(7)
= 1 + 1 + 1 + 1 + 1 + 1 + 1
= 1 + 1 + 1 + 1 + 3
= 1 + 1 + 1 + 3 + 1
= 1 + 1 + 3 + 1 + 1
= 1 + 1 + 5
= 1 + 3 + 1 + 1 + 1
= 1 + 3 + 3
= 1 + 5 + 1
= 3 + 1 + 1 + 1 + 1
= 3 + 1 + 3
= 3 + 3 + 1
= 5 + 1 + 1
= 7

partitionOdd(8)
= 1 + 1 + 1 + 1 + 1 + 1 + 1 + 1
= 1 + 1 + 1 + 1 + 1 + 3
= 1 + 1 + 1 + 1 + 3 + 1
= 1 + 1 + 1 + 3 + 1 + 1
= 1 + 1 + 1 + 5
= 1 + 1 + 3 + 1 + 1 + 1
= 1 + 1 + 3 + 3
= 1 + 1 + 5 + 1
= 1 + 3 + 1 + 1 + 1 + 1
= 1 + 3 + 1 + 3
= 1 + 3 + 3 + 1
= 1 + 5 + 1 + 1
= 1 + 7
= 3 + 1 + 1 + 1 + 1 + 1
= 3 + 1 + 1 + 3
= 3 + 1 + 3 + 1
= 3 + 3 + 1 + 1
= 3 + 5
= 5 + 1 + 1 + 1
= 5 + 3
= 7 + 1
