XXXXXXXXXXXXXXXXXXXXXXXXXXXXXXXXXXXXXXXXXXXXXXXXX XXXXXXXXXXXXXXXXXXXXXXXXXXXXXXXXXXXXXXXXXXXXXXX
X                   X   X     X               X                 X   X           X     X         X
X XXXXXXXXXXXXXXXXX X XXX X X XXX XXXXXXXXXXXXX XXXXXXX XXXXXXX XXX X XXX X XXXXX X X X X XXXXX X
X   X   X       X   X     X X     X     X       X     X X           X X X X X   X X X X X     X X
X X X X X X XXXXX XXX XXXXX XXXXX X XXX X XXXXXXX XXXXX XXXXXXXXXXXXX X X XXX X X X X X XXXXX XXX
X X   X X X       X X     X     X X   X   X       X     X   X       X X X     X   X X X     X   X
X XXXXX X XXXXXXXXX XXX XXXXXXX X XXX XXXXXXX XXX X XXXXX X X XXXXX X X XXXXXXXXXXX X XXX XXXXX X
X     X X       X     X X     X X   X X       X X X       X   X   X   X     X   X   X   X X   X X
XXXXX X XXXXXXX XXXXX X X XXX X XXX X X XXXXXXX X XXXXXXXXXXXXX X XXXXXXX X X X X XXXXXXX X X X X
X   X X     X       X   X X   X X   X   X X       X       X     X         X X X X X   X   X X X X
XXX X XXXXX XXXXXXX XXXXX X XXX XXX XXXXX X XXXXXXXXX XXXXX XXXXXXX XXX X XXX X X X X X XXX X X X
X   X     X   X   X   X   X X     X X   X   X       X X     X     X X   X X   X X X X   X   X   X
X XXXXXXX XXX X XXXXX X XXX X XXX X X XXX XXX X XXX X X XXXXX XXX XXX XXX X XXX X X XXXXX XXXXXXX
X X     X X X X     X X   X X X   X   X   X   X X X   X   X X X       X X X X   X X X   X   X   X
X X XXX X X X XXXXX X XXX X X X XXXXXXX XXXXX X X X XXXXX X X XXXXXXXXX X X XXX X X XXX XXX X X X
X X X X X   X     X       X X X       X X   X X X   X   X   X         X   X   X   X X   X X   X X
X X X X XXX XXXXX XXXXXXXXX X XXXXXXX X X X XXX X XXX X XXX XXXXXXXXX X XXXXX XXX X X X X XXXXX X
X   X X   X X   X   X     X X   X     X   X   X X X   X   X   X     X X   X X X   X   X   X   X X
X XXX XXX X XXX XXX XXX X X XXX X XXX XXXXXXX X XXX XXXXX XXX XXX X X XXX X X X XXXXXXXXX XXX X X
X X     X   X   X X   X X   X   X X       X X X     X   X   X     X X X     X X X     X       X X
X XXX X XXXXX X X XXX X XXXXX XXX XXXXXXX X X XXXXXXX X XXX XXXXX XXX X XXXXX XXX X XXX XXXXXXX X
X     X X     X     X X     X   X   X       X         X   X       X   X X X   X   X   X X X   X X
XXXXXXX XXX XXXXX XXX XXXXX XXX XXX XXXXXXXXXXXXXXXXXXXXX XXXXX XXX XXX X X XXX XXXXX X X X X X X
X   X X     X     X   X   X X     X                   X X X   X X X X   X X X       X X   X X   X
X X X XXXXXXX XXXXX XXXXX X XXXXXXXXXXXXXXX XXXXXXXXX X X X X X X X XXX X X X XXXXXXX XXX X XXXXX
X X   X   X   X   X X   X             X   X X       X   X   X X X X   X X X   X     X X   X   X X
X XXX X X X XXX XXX X X XXXXXXXXXXXXX X X X X XXXXX XXXXXXXXX X X XXX X X XXXXX XXX X X XXXXX X X
X   X X X X X     X   X   X   X         X   X X   X   X     X X X X   X X     X X X   X     X X X
X X XXX X X XXXXX XXXXXXX X X XXX XXXXXXXXX X X X XXX X XXX X X X X XXX X X X X X XXX XXXXX X X X
X X   X X X     X       X   X   X   X     X X   X   X   X X   X   X X   X X X X X   X     X X   X
X XXX X X XXXXX X XXXXX XXXXXXX XXXXX XXX XXXXXXXXX XXXXX XXXXXXXXX X XXXXX X X XXX XXXXX X XXXXX
X X X   X X   X X X   X   X     X   X X X X     X   X   X           X       X X   X     X X   X X
X X XXXXX X X X XXX X XXX X XXX X X X X X X X X X XXXXX X X XXXXXXXXX XXXXXXXXX X XXXXX X XXX X X
X X X   X   X X X   X     X   X X X   X X   X X X     X   X X   X   X X       X X     X     X   X
X X X X XXXXX X X XXXXX XXXXX X X XXXXX XXXXX X XXXXX XXXXX X XXX X X X XXXXX XXXXX X XXXXX XXX X
X X   X     X X X X     X     X X X     X     X X     X     X     X X X X X   X   X X X   X   X X
X XXXXX X X X X X XXXXX X XXXXX X XXX XXX XXXXXXX XXXXX XXXXXXX XXX X X X X XXX X XXX X X XXX X X
X     X X X X     X   X X X X   X   X   X   X   X X X   X     X   X   X X       X     X X X   X X
XXXXX X X XXXXXXXXX X XXX X X XXXXX X X XXX X X X X X X X XXX XXXXXXX X XXXXXXXXXXXXX X X XXXXX X
X X   X X     X     X   X X   X     X X   X   X X X   X   X X       X X X     X     X X X     X X
X X XXX XXX X X XXXXXXX X XXX X XXXXX X XXXXXXX X X XXXXXXX XXXXXXX XXX X XXX X X XXX X XXXXX X X
X   X   X   X X X       X   X X     X X       X X X X           X X   X   X X X X X   X X   X   X
X XXXXXXX XXXXX XXXXX XXXXX X XXXXX XXXXXXXXX X X X XXXXXXX XXX X XXX XXXXX X X X X XXX X X XXXXX
X     X   X   X     X       X X     X     X   X   X         X       X     X X X X X X   X X     X
XXXXX X XXX X XXXXX XXXXX XXXXX XXXXX XXX X XXXXXXXXXXXXXXXXXXX XXXXXXX X X X XXX X X XXXXXXX XXX
X   X X     X     X X     X   X       X X X         X     X   X X   X   X X X   X   X       X   X
X X X XXXXXXXXXXX X XXXXXXX X XXXXXXXXX X XXXXX XXX X XXX X X XXX X X XXX X XXX XXXXXXXXXXX XXX X
X X               X         X                   X     X     X     X   X       X                 X
XXXXXXXXXXXXXXXXXXXXXXXXXXXXXXXXXXXXXXXXXXXXXXXXX XXXXXXXXXXXXXXXXXXXXXXXXXXXXXXXXXXXXXXXXXXXXXXX
S 1
E 6
S 4
W 4
S 2
E 6
N 2
E 2
S 2
E 2
N 2
E 6
S 2
E 2
N 6
E 4
S 4
E 4
N 2
E 2
S 2
E 2
N 4
E 2
S 6
W 2
S 8
W 2
N 2
W 2
E 2
N 6
W 2
S 4
W 2
S 4
E 2
S 6
W 2
S 4
E 2
N 2
E 2
N 2
E 2
N 2
E 2
S 2
E 2
S 6
W 2
N 2
W 4
S 6
E 2
S 2
E 2
S 2
N 2
E 2
S 4
W 4
N 2
W 2
S 2
W 4
N 2
E 2
N 2
W 6
S 8
E 2
N 2
E 4
S 6
E 2
S 2
E 12
N 2
W 6
N 2
E 2
N 8
E 2
S 4
E 4
S 2
E 2
N 8
W 2
N 2
W 2
N 4
W 4
N 2
E 2
N 2
W 2
N 4
E 2
N 2
W 2
N 2
W 2
S 2
W 2
N 8
E 2
S 2
E 2
N 2
E 2
N 4
E 2
W 2
W 2
N 4
E 2
S 2
E 4
S 2
E 2
S 6
W 2
N 4
W 2
S 4
W 2
S 2
E 2
S 2
E 2
N 2
E 2
S 10
W 2
N 2
W 2
S 4
E 2
S 4
E 2
N 4
S 4
W 2
N 4
W 2
N 4
E 2
S 2
E 2
N 10
W 2
S 2
W 2
N 2
W 2
N 2
E 2
N 4
E 2
S 4
E 2
N 6
W 2
N 2
W 4
N 2
E 6
S 2
N 2
W 8
S 4
E 2
S 4
W 2
S 2
W 2
N 2
W 2
S 8
E 2
N 2
E 2
N 2
W 2
E 2
S 4
E 2
N 2
S 4
E 4
N 2
W 2
E 2
S 2
W 6
S 4
E 2
N 2
S 4
W 2
S 2
E 4
S 4
E 2
S 2
E 2
N 2
S 10
W 2
N 2
W 4
N 4
W 2
S 8
W 2
S 2
E 6
S 2
E 4
N 2
W 2
N 2
E 2
W 2
W 2
N 2
W 2
S 2
N 2
E 2
S 2
E 2
S 2
E 2
S 2
W 16
N 2
W 2
N 6
W 4
S 2
W 2
N 8
E 6
S 2
W 2
S 2
W 2
N 2
S 2
E 6
N 2
E 2
S 2
E 4
S 4
W 2
S 4
W 2
N 6
E 2
W 2
W 2
S 4
N 4
E 2
S 6
E 2
N 4
E 2
N 8
W 4
N 2
W 2
S 2
N 8
E 4
S 2
E 2
S 2
E 4
S 4
E 2
S 2
E 2
S 2
W 2
E 2
N 2
W 2
N 2
W 2
W 2
N 2
W 4
N 2
W 2
N 2
S 2
E 2
S 2
E 4
S 2
E 2
N 4
W 4
N 8
W 2
N 2
E 2
W 4
S 2
W 2
S 2
E 4
W 6
S 2
W 2
N 4
E 2
N 6
W 2
N 4
E 2
N 4
E 2
S 8
E 2
S 2
W 2
S 2
N 2
E 2
N 10
E 2
N 6
E 2
S 6
E 2
W 2
N 6
W 4
S 4
W 2
N 2
W 2
S 2
W 4
N 4
E 2
S 2
N 2
E 4
W 10
S 6
W 2
N 2
W 6
S 2
W 2
N 2
W 2
S 2
W 6
N 2
E 4
N 4
E 8
S 2
E 4
N 2
W 2
E 2
S 2
W 4
W 6
E 6
N 2
W 14
W 2
S 2
W 6
S 2
W 2
N 2
W 4
S 2
E 2
S 4
E 2
N 2
E 6
N 2
E 4
N 2
E 4
W 4
S 2
S 4
W 2
N 2
S 2
W 4
S 2
W 2
N 2
S 2
S 2
W 2
S 4
E 2
N 2
E 2
S 2
E 2
S 4
E 8
N 2
E 2
S 2
E 2
S 4
E 2
N 2
E 2
S 6
W 2
N 2
W 4
S 2
W 2
N 2
W 2
N 2
W 6
S 4
E 2
N 2
E 2
S 2
E 2
S 2
W 2
S 2
E 4
S 2
W 4
S 8
W 2
N 6
W 2
S 2
W 2
N 2
W 2
N 2
E 4
N 4
E 2
S 4
N 4
W 2
W 2
S 2
W 2
N 4
W 4
S 4
W 2
N 2
W 2
S 6
E 2
S 2
W 4
S 2
E 4
S 2
W 4
S 2
E 6
N 2
E 4
S 4
E 6
N 2
E 4
S 2
E 2
N 2
E 4
S 2
E 2
N 2
E 2
S 2
E 4
N 2
E 2
S 2
E 2
N 2
E 2
N 2
E 2
S 4
E 2
N 6
S 6
E 2
W 4
W 2
E 2
N 4
W 2
W 2
N 2
W 2
N 2
W 6
N 2
W 4
S 2
W 2
N 2
W 2
S 2
W 2
N 2
S 2
S 4
E 8
N 2
E 4
S 2
E 2
N 2
S 2
E 2
W 4
W 2
E 2
S 2
N 4
W 4
W 6
E 6
N 2
S 4
W 8
N 4
E 2
N 2
E 2
N 2
E 4
N 4
E 8
N 4
E 2
N 2
W 2
N 4
E 2
N 6
W 8
N 4
E 4
S 2
E 4
N 2
E 2
N 2
E 2
N 2
E 2
S 2
N 2
W 2
W 2
N 4
S 4
E 2
S 2
S 6
W 2
N 2
S 2
S 2
E 2
S 2
E 2
N 2
S 2
W 2
W 2
S 4
W 2
E 2
S 6
W 2
S 2
E 6
N 4
E 2
S 4
N 4
W 2
W 2
N 6
S 6
S 2
N 2
E 2
S 4
W 6
S 6
W 2
N 4
W 2
S 2
W 2
S 2
E 2
W 2
N 2
W 2
N 2
E 2
W 2
S 2
E 4
N 2
E 2
S 4
E 2
S 2
N 10
E 2
N 10
E 2
N 2
W 2
N 2
E 2
N 6
W 2
W 4
S 2
N 2
W 2
N 2
W 2
S 2
W 4
S 2
W 4
S 2
E 2
S 2
E 2
N 2
S 2
S 2
E 2
S 2
E 4
N 2
E 2
S 2
N 2
W 2
W 2
E 2
S 2
S 2
W 2
S 8
E 2
N 6
S 6
W 2
N 8
W 4
N 2
W 2
N 2
W 2
N 2
W 2
S 2
W 2
S 2
W 4
N 8
E 4
S 2
E 2
N 4
E 4
W 4
W 2
E 2
S 4
W 2
S 2
W 2
N 2
S 2
S 2
N 2
E 2
N 4
W 4
W 2
S 2
W 2
E 2
S 2
N 4
E 2
S 8
E 4
N 2
E 2
N 2
E 2
S 2
E 2
S 2
E 2
S 2
E 6
N 2
W 4
N 2
W 2
N 2
W 2
N 2
W 2
N 2
E 4
N 2
E 4
N 2
E 2
S 2
E 6
S 2
W 2
S 2
W 4
W 2
E 2
N 2
W 4
S 4
E 8
S 6
W 2
S 4
E 2
S 2
W 2
S 4
W 8
W 2
N 2
S 2
S 2
W 2
N 2
W 2
E 2
S 2
E 2
N 2
E 2
S 4
W 4
S 4
E 2
N 2
E 4
S 2
E 6
S 2
E 2
S 2
E 2
S 2
W 2
S 2
W 2
N 2
W 2
S 2
W 4
N 2
W 2
S 2
W 2
W 2
E 2
N 2
W 4
S 2
W 2
W 2
S 1
N 1
E 2
N 2
W 4
W 4
N 2
E 2
N 2
W 6
N 2
E 2
W 2
N 2
W 2
N 2
E 2
N 4
S 4
W 2
W 2
E 2
S 2
S 4
N 4
E 2
S 4
E 6
S 2
W 2
S 2
E 4
S 2
W 6
W 2
N 2
S 2
W 10
N 2
W 2
S 2
W 8
N 4
W 4
N 4
E 4
N 2
E 2
S 2
E 2
S 2
W 2
S 2
E 4
S 2
W 4
E 4
N 2
E 2
N 2
W 2
N 6
E 4
N 2
W 2
N 2
E 4
N 2
W 2
N 2
W 2
S 2
W 2
N 2
W 2
N 2
W 2
S 2
W 2
N 4
E 2
N 4
W 2
N 2
W 2
N 2
W 4
N 4
W 2
N 2
W 4
N 6
W 2
S 2
W 2
N 2
W 2
N 2
E 18
S 2
W 2
S 2
W 6
N 2
E 4
W 4
W 2
S 4
E 6
S 2
E 4
S 2
E 2
S 4
E 4
N 2
W 2
N 2
E 2
N 4
E 4
S 2
W 2
S 10
W 2
N 2
W 2
S 4
E 4
S 4
E 10
S 2
E 2
N 2
E 2
S 2
E 2
N 4
E 10
S 2
E 2
N 2
S 2
W 2
N 2
W 10
W 8
N 2
W 2
N 4
E 4
N 2
W 6
N 2
E 2
N 2
W 2
N 6
W 4
N 4
E 2
S 2
E 4
N 2
E 12
W 12
W 2
E 2
S 2
S 4
E 2
S 2
W 2
E 2
S 4
E 2
N 2
E 2
W 2
S 2
W 2
N 6
W 2
N 4
W 4
N 2
W 2
W 2
S 2
W 4
N 2
E 2
W 2
S 2
S 2
E 2
S 4
W 2
N 2
W 2
N 2
S 2
W 2
E 4
S 2
E 2
N 4
E 2
W 4
N 2
E 4
N 2
E 2
S 4
E 4
S 6
W 2
S 6
E 2
S 2
W 2
S 2
E 2
S 2
E 2
W 2
W 2
E 2
N 2
W 2
N 2
E 2
N 2
W 2
N 6
E 4
S 2
W 2
S 2
E 6
S 2
S 2
E 4
S 2
E 2
N 2
S 2
W 2
W 4
E 4
N 2
W 4
W 2
E 2
N 2
W 4
S 4
E 2
S 2
E 8
S 4
S 2
N 2
W 2
N 2
W 2
S 2
W 2
W 4
S 2
E 2
W 2
N 2
W 2
E 6
N 2
W 10
W 2
N 2
W 2
E 2
S 2
E 2
N 4
W 4
N 4
W 2
E 4
S 2
E 2
N 10
E 2
N 2
W 4
S 4
W 2
S 2
E 2
S 2
W 4
W 2
N 2
W 4
N 2
E 2
W 2
S 2
E 4
S 2
E 2
N 4
W 2
N 2
W 4
W 2
E 2
N 2
W 6
N 4
E 2
S 2
E 6
N 2
E 2
N 2
W 18
S 2
S 4
E 4
S 4
E 4
S 4
E 2
N 2
S 2
S 4
W 2
N 2
W 2
N 4
W 4
S 4
W 2
N 6
E 2
N 2
W 2
E 2
S 2
W 2
S 6
S 4
E 4
N 2
E 2
S 4
E 4
N 2
E 2
N 2
E 2
N 2
W 2
E 2
S 2
S 2
E 2
N 2
S 2
S 2
W 4
S 2
W 2
S 4
E 4
S 8
E 2
N 4
E 2
N 2
E 2
S 2
E 2
S 2
W 4
E 4
S 2
N 4
E 2
N 2
W 2
N 2
W 6
N 2
W 2
N 2
E 2
W 2
S 2
W 2
E 4
S 2
S 2
N 2
E 6
S 2
E 2
S 2
W 4
N 2
W 2
S 2
W 2
S 4
W 2
W 2
N 6
W 2
S 2
W 2
N 8
W 2
S 6
W 2
N 2
W 2
N 2
W 2
N 4
E 2
S 2
E 2
N 2
S 2
S 2
N 2
W 2
N 2
W 2
S 4
S 10
E 4
S 2
W 2
S 2
W 2
N 2
S 2
S 2
E 4
S 4
E 12
N 2
W 4
N 2
W 2
S 2
W 4
N 2
E 2
N 2
E 2
N 2
E 2
S 2
N 2
W 2
W 2
N 4
E 2
S 2
N 2
W 2
W 2
N 2
W 2
S 2
W 2
N 4
S 4
E 2
N 2
E 2
S 2
S 6
W 2
E 2
N 6
E 2
S 4
E 2
S 2
W 2
S 2
W 2
S 2
E 4
N 2
E 2
S 2
E 4
S 2
W 12
W 2
N 2
W 2
S 2
N 2
E 2
S 2
E 2
N 4
W 4
N 2
E 2
N 2
E 2
N 2
W 4
N 10
E 2
S 2
E 2
S 2
E 2
N 6
E 2
S 8
E 2
N 2
E 2
S 6
E 2
N 8
W 4
N 4
E 2
N 2
E 4
N 2
E 2
W 4
N 2
W 2
S 2
W 2
W 2
E 2
S 2
W 4
N 4
W 2
W 2
E 2
N 4
S 6
W 4
N 4
E 2
N 4
E 4
S 4
E 2
S 2
E 2
N 4
W 2
N 4
W 4
N 4
W 4
N 4
E 2
S 2
E 2
N 2
E 2
S 6
E 4
S 2
E 2
S 4
E 4
S 2
E 2
S 2
E 2
S 4
W 2
S 4
E 2
N 2
E 2
S 2
E 2
S 2
E 2
N 2
E 2
S 2
E 2
S 2
S 6
W 2
S 2
W 2
N 2
S 2
E 2
S 4
N 6
E 2
N 6
W 4
S 2
E 2
S 2
W 4
S 6
E 2
S 2
W 6
N 2
W 4
E 6
N 2
W 2
N 2
W 2
S 2
W 4
S 4
E 4
S 4
E 8
N 2
E 2
S 2
E 12
N 4
W 4
S 2
W 6
N 2
E 4
N 2
W 4
N 2
E 4
N 2
W 2
N 6
E 2
S 2
E 2
N 4
E 4
S 4
E 2
N 2
E 2
S 4
W 4
S 2
E 2
S 2
E 2
N 2
E 2
S 6
E 2
N 8
E 4
N 2
W 4
N 2
E 2
N 2
W 2
N 2
W 2
S 2
W 2
N 4
E 6
S 2
E 2
S 2
E 2
N 2
E 4
S 2
E 2
N 6
W 2
S 2
W 2
N 4
W 2
N 2
W 2
S 2
W 8
N 4
W 2
N 2
W 2
S 2
W 2
N 4
E 2
N 2
E 2
N 2
E 6
N 4
W 4
W 2
E 2
S 2
W 6
S 2
W 2
N 4
W 2
N 2
E 4
S 2
E 2
N 2
E 6
N 2
E 2
N 1



--------------------------------------


XXXXXXXXXXXXXXXXXXXXXXXXXXXXXXXXXXXXXXXXXXXXXXXXX.XXXXXXXXXXXXXXXXXXXXXXXXXXXXXXXXXXXXXXXXXXXXXXX
X...................X...X.....X...............X.................X...X...........X.....X.........X
X.XXXXXXXXXXXXXXXXX.X.XXX.X.X.XXX.XXXXXXXXXXXXX.XXXXXXX.XXXXXXX.XXX.X.XXX.X.XXXXX.X.X.X.X.XXXXX.X
X...X...X.......X...X.....X.X.....X.....X.......X.....X.X...........X.X.X.X.X...X.X.X.X.X.....X.X
X.X.X.X.X.X.XXXXX.XXX.XXXXX.XXXXX.X.XXX.X.XXXXXXX.XXXXX.XXXXXXXXXXXXX.X.X.XXX.X.X.X.X.X.XXXXX.XXX
X.X...X.X.X.......X.X.....X.....X.X...X...X.......X.....X...X.......X.X.X.....X...X.X.X.....X...X
X.XXXXX.X.XXXXXXXXX.XXX.XXXXXXX.X.XXX.XXXXXXX.XXX.X.XXXXX.X.X.XXXXX.X.X.XXXXXXXXXXX.X.XXX.XXXXX.X
X.....X.X.......X.....X.X.....X.X...X.X.......X.X.X.......X...X...X...X.....X...X...X...X.X...X.X
XXXXX.X.XXXXXXX.XXXXX.X.X.XXX.X.XXX.X.X.XXXXXXX.X.XXXXXXXXXXXXX.X.XXXXXXX.X.X.X.X.XXXXXXX.X.X.X.X
X...X.X.....X.......X...X.X...X.X...X...X.X.......X.......X.....X.........X.X.X.X.X...X...X.X.X.X
XXX.X.XXXXX.XXXXXXX.XXXXX.X.XXX.XXX.XXXXX.X.XXXXXXXXX.XXXXX.XXXXXXX.XXX.X.XXX.X.X.X.X.X.XXX.X.X.X
X...X.....X...X...X...X...X.X.....X.X...X...X.......X.X.....X.....X.X...X.X...X.X.X.X...X...X...X
X.XXXXXXX.XXX.X.XXXXX.X.XXX.X.XXX.X.X.XXX.XXX.X.XXX.X.X.XXXXX.XXX.XXX.XXX.X.XXX.X.X.XXXXX.XXXXXXX
X.X.....X.X.X.X.....X.X...X.X.X...X...X...X...X.X.X...X...X.X.X.......X.X.X.X...X.X.X...X...X...X
X.X.XXX.X.X.X.XXXXX.X.XXX.X.X.X.XXXXXXX.XXXXX.X.X.X.XXXXX.X.X.XXXXXXXXX.X.X.XXX.X.X.XXX.XXX.X.X.X
X.X.X.X.X...X.....X.......X.X.X.......X.X...X.X.X...X...X...X.........X...X...X...X.X...X.X...X.X
X.X.X.X.XXX.XXXXX.XXXXXXXXX.X.XXXXXXX.X.X.X.XXX.X.XXX.X.XXX.XXXXXXXXX.X.XXXXX.XXX.X.X.X.X.XXXXX.X
X...X.X...X.X...X...X.....X.X...X.....X...X...X.X.X...X...X...X.....X.X...X.X.X...X...X...X...X.X
X.XXX.XXX.X.XXX.XXX.XXX.X.X.XXX.X.XXX.XXXXXXX.X.XXX.XXXXX.XXX.XXX.X.X.XXX.X.X.X.XXXXXXXXX.XXX.X.X
X.X.....X...X...X.X...X.X...X...X.X.......X.X.X.....X...X...X.....X.X.X.....X.X.X.....X.......X.X
X.XXX.X.XXXXX.X.X.XXX.X.XXXXX.XXX.XXXXXXX.X.X.XXXXXXX.X.XXX.XXXXX.XXX.X.XXXXX.XXX.X.XXX.XXXXXXX.X
X.....X.X.....X.....X.X.....X...X...X.......X.........X...X.......X...X.X.X...X...X...X.X.X...X.X
XXXXXXX.XXX.XXXXX.XXX.XXXXX.XXX.XXX.XXXXXXXXXXXXXXXXXXXXX.XXXXX.XXX.XXX.X.X.XXX.XXXXX.X.X.X.X.X.X
X...X.X.....X.....X...X...X.X.....X...................X.X.X...X.X.X.X...X.X.X.......X.X...X.X...X
X.X.X.XXXXXXX.XXXXX.XXXXX.X.XXXXXXXXXXXXXXX.XXXXXXXXX.X.X.X.X.X.X.X.XXX.X.X.X.XXXXXXX.XXX.X.XXXXX
X.X...X...X...X...X.X...X.............X...X.X.......X...X...X.X.X.X...X.X.X...X.....X.X...X...X.X
X.XXX.X.X.X.XXX.XXX.X.X.XXXXXXXXXXXXX.X.X.X.X.XXXXX.XXXXXXXXX.X.X.XXX.X.X.XXXXX.XXX.X.X.XXXXX.X.X
X...X.X.X.X.X.....X...X...X...X.........X...X.X...X...X.....X.X.X.X...X.X.....X.X.X...X.....X.X.X
X.X.XXX.X.X.XXXXX.XXXXXXX.X.X.XXX.XXXXXXXXX.X.X.X.XXX.X.XXX.X.X.X.X.XXX.X.X.X.X.X.XXX.XXXXX.X.X.X
X.X...X.X.X.....X.......X...X...X...X.....X.X...X...X...X.X...X...X.X...X.X.X.X.X...X.....X.X...X
X.XXX.X.X.XXXXX.X.XXXXX.XXXXXXX.XXXXX.XXX.XXXXXXXXX.XXXXX.XXXXXXXXX.X.XXXXX.X.X.XXX.XXXXX.X.XXXXX
X.X.X...X.X...X.X.X...X...X.....X...X.X.X.X.....X...X...X...........X.......X.X...X.....X.X...X.X
X.X.XXXXX.X.X.X.XXX.X.XXX.X.XXX.X.X.X.X.X.X.X.X.X.XXXXX.X.X.XXXXXXXXX.XXXXXXXXX.X.XXXXX.X.XXX.X.X
X.X.X...X...X.X.X...X.....X...X.X.X...X.X...X.X.X.....X...X.X...X...X.X.......X.X.....X.....X...X
X.X.X.X.XXXXX.X.X.XXXXX.XXXXX.X.X.XXXXX.XXXXX.X.XXXXX.XXXXX.X.XXX.X.X.X.XXXXX.XXXXX.X.XXXXX.XXX.X
X.X...X.....X.X.X.X.....X.....X.X.X.....X.....X.X.....X.....X.....X.X.X.X.X...X...X.X.X...X...X.X
X.XXXXX.X.X.X.X.X.XXXXX.X.XXXXX.X.XXX.XXX.XXXXXXX.XXXXX.XXXXXXX.XXX.X.X.X.X.XXX.X.XXX.X.X.XXX.X.X
X.....X.X.X.X.....X...X.X.X.X...X...X...X...X...X.X.X...X.....X...X...X.X.......X.....X.X.X...X.X
XXXXX.X.X.XXXXXXXXX.X.XXX.X.X.XXXXX.X.X.XXX.X.X.X.X.X.X.X.XXX.XXXXXXX.X.XXXXXXXXXXXXX.X.X.XXXXX.X
X.X...X.X.....X.....X...X.X...X.....X.X...X...X.X.X...X...X.X.......X.X.X.....X.....X.X.X.....X.X
X.X.XXX.XXX.X.X.XXXXXXX.X.XXX.X.XXXXX.X.XXXXXXX.X.X.XXXXXXX.XXXXXXX.XXX.X.XXX.X.X.XXX.X.XXXXX.X.X
X...X...X...X.X.X.......X...X.X.....X.X.......X.X.X.X...........X.X...X...X.X.X.X.X...X.X...X...X
X.XXXXXXX.XXXXX.XXXXX.XXXXX.X.XXXXX.XXXXXXXXX.X.X.X.XXXXXXX.XXX.X.XXX.XXXXX.X.X.X.X.XXX.X.X.XXXXX
X.....X...X...X.....X.......X.X.....X.....X...X...X.........X.......X.....X.X.X.X.X.X...X.X.....X
XXXXX.X.XXX.X.XXXXX.XXXXX.XXXXX.XXXXX.XXX.X.XXXXXXXXXXXXXXXXXXX.XXXXXXX.X.X.X.XXX.X.X.XXXXXXX.XXX
X...X.X.....X.....X.X.....X...X.......X.X.X.........X.....X...X.X...X...X.X.X...X...X.......X...X
X.X.X.XXXXXXXXXXX.X.XXXXXXX.X.XXXXXXXXX.X.XXXXX.XXX.X.XXX.X.X.XXX.X.X.XXX.X.XXX.XXXXXXXXXXX.XXX.X
X.X...............X.........X...................X.....X.....X.....X...X.......X.................X
XXXXXXXXXXXXXXXXXXXXXXXXXXXXXXXXXXXXXXXXXXXXXXXXX.XXXXXXXXXXXXXXXXXXXXXXXXXXXXXXXXXXXXXXXXXXXXXXX
